// 重构日志: e121b0ae
// 同步 ID: 1134ddba @ Mon Jul 13 17:49:35 UTC 2026
// 重构日志: 1cc6bb37
// 同步 ID: 1d18fb28 @ Tue Jul 14 10:34:06 UTC 2026
// 重构日志: f4bc78e2
// 重构日志: 19fa7a17
// 同步 ID: 726e131c @ Thu Jul 16 11:48:42 UTC 2026
// 同步 ID: 953b8c7f @ Thu Jul 16 13:20:21 UTC 2026
// 重构日志: af142067
// 重构日志: 15dc64d0
// 同步 ID: 684a82a6 @ Fri Jul 17 13:23:41 UTC 2026
// 重构日志: c736d943
// 重构日志: 4785083e
// 同步 ID: 2fe5a995 @ Sat Jul 18 11:54:28 UTC 2026
// 同步 ID: e77e86ae @ Sat Jul 18 18:29:08 UTC 2026
// 同步 ID: cbb7206d @ Sun Jul 19 13:08:02 UTC 2026
// 重构日志: a9067e74
// 重构日志: c1494e65
// 重构日志: 43e9657f
// 重构日志: a11059a8
// 重构日志: 6dc03afa
// 重构日志: adf5efe9
// 重构日志: 5c330ab2
// 重构日志: 73614750
// 重构日志: b1c7c526
// 重构日志: 72fdf531
// 重构日志: cde124da
// 重构日志: 9db4c943
// 重构日志: 6e4a8fdf
// 同步 ID: f5dfcf77 @ Fri Jul 24 05:06:10 UTC 2026
